[    0.000000] Initializing cgroup subsys cpuset
[    0.000000] Initializing cgroup subsys cpu
[    0.000000] Initializing cgroup subsys cpuacct
[    0.000000] Linux version 4.4.0-81-generic (buildd@lgw01-02) (gcc version 5.4.0 20160609 (Ubuntu 5.4.0-6ubuntu1~16.04.4) ) #104-Ubuntu SMP Wed Jun 14 08:17:06 UTC 2017 (Ubuntu 4.4.0-81.104-generic 4.4.67)
[    0.000000] Command line: BOOT_IMAGE=/boot/vmlinuz-4.4.0-81-generic root=UUID=8012bfa1-0b4d-4767-acaf-d9deef5ff9c7 ro console=tty1 console=ttyS0
[    0.000000] KERNEL supported cpus:
[    0.000000]   Intel GenuineIntel
[    0.000000]   AMD AuthenticAMD
[    0.000000]   Centaur CentaurHauls
[    0.000000] x86/fpu: xstate_offset[2]:  576, xstate_sizes[2]:  256
[    0.000000] x86/fpu: Supporting XSAVE feature 0x01: 'x87 floating point registers'
[    0.000000] x86/fpu: Supporting XSAVE feature 0x02: 'SSE registers'
[    0.000000] x86/fpu: Supporting XSAVE feature 0x04: 'AVX registers'
[    0.000000] x86/fpu: Enabled xstate features 0x7, context size is 832 bytes, using 'standard' format.
[    0.000000] x86/fpu: Using 'lazy' FPU context switches.
[    0.000000] e820: BIOS-provided physical RAM map:
[    0.000000] BIOS-e820: [mem 0x0000000000000000-0x000000000009fbff] usable
[    0.000000] BIOS-e820: [mem 0x000000000009fc00-0x000000000009ffff] reserved
[    0.000000] BIOS-e820: [mem 0x00000000000f0000-0x00000000000fffff] reserved
[    0.000000] BIOS-e820: [mem 0x0000000000100000-0x000000003ffeffff] usable
[    0.000000] BIOS-e820: [mem 0x000000003fff0000-0x000000003fffffff] ACPI data
[    0.000000] BIOS-e820: [mem 0x00000000fec00000-0x00000000fec00fff] reserved
[    0.000000] BIOS-e820: [mem 0x00000000fee00000-0x00000000fee00fff] reserved
[    0.000000] BIOS-e820: [mem 0x00000000fffc0000-0x00000000ffffffff] reserved
[    0.000000] NX (Execute Disable) protection: active
[    0.000000] SMBIOS 2.5 present.
[    0.000000] Hypervisor detected: KVM
[    0.000000] e820: last_pfn = 0x3fff0 max_arch_pfn = 0x400000000
[    0.000000] MTRR: Disabled
[    0.000000] x86/PAT: MTRRs disabled, skipping PAT initialization too.
[    0.000000] x86/PAT: Configuration [0-7]: WB  WT  UC- UC  WB  WT  UC- UC  
[    0.000000] CPU MTRRs all blank - virtualized system.
[    0.000000] found SMP MP-table at [mem 0x0009fff0-0x0009ffff] mapped at [ffff88000009fff0]
[    0.000000] Scanning 1 areas for low memory corruption
[    0.000000] RAMDISK: [mem 0x36236000-0x37112fff]
[    0.000000] ACPI: Early table checksum verification disabled
[    0.000000] ACPI: RSDP 0x00000000000E0000 000024 (v02 VBOX  )
[    0.000000] ACPI: XSDT 0x000000003FFF0030 00003C (v01 VBOX   VBOXXSDT 00000001 ASL  00000061)
[    0.000000] ACPI: FACP 0x000000003FFF00F0 0000F4 (v04 VBOX   VBOXFACP 00000001 ASL  00000061)
[    0.000000] ACPI: DSDT 0x000000003FFF0470 0021C8 (v02 VBOX   VBOXBIOS 00000002 INTL 20100528)
[    0.000000] ACPI: FACS 0x000000003FFF0200 000040
[    0.000000] ACPI: FACS 0x000000003FFF0200 000040
[    0.000000] ACPI: APIC 0x000000003FFF0240 00005C (v02 VBOX   VBOXAPIC 00000001 ASL  00000061)
[    0.000000] ACPI: SSDT 0x000000003FFF02A0 0001CC (v01 VBOX   VBOXCPUT 00000002 INTL 20100528)
[    0.000000] No NUMA configuration found
[    0.000000] Faking a node at [mem 0x0000000000000000-0x000000003ffeffff]
[    0.000000] NODE_DATA(0) allocated [mem 0x3ffeb000-0x3ffeffff]
[    0.000000] kvm-clock: Using msrs 4b564d01 and 4b564d00
[    0.000000] kvm-clock: cpu 0, msr 0:3ffe3001, primary cpu clock
[    0.000000] kvm-clock: using sched offset of 3194400624 cycles
[    0.000000] clocksource: kvm-clock: mask: 0xffffffffffffffff max_cycles: 0x1cd42e4dffb, max_idle_ns: 881590591483 ns
[    0.000000] Zone ranges:
[    0.000000]   DMA      [mem 0x0000000000001000-0x0000000000ffffff]
[    0.000000]   DMA32    [mem 0x0000000001000000-0x000000003ffeffff]
[    0.000000]   Normal   empty
[    0.000000]   Device   empty
[    0.000000] Movable zone start for each node
[    0.000000] Early memory node ranges
[    0.000000]   node   0: [mem 0x0000000000001000-0x000000000009efff]
[    0.000000]   node   0: [mem 0x0000000000100000-0x000000003ffeffff]
[    0.000000] Initmem setup node 0 [mem 0x0000000000001000-0x000000003ffeffff]
[    0.000000] ACPI: PM-Timer IO Port: 0x4008
[    0.000000] IOAPIC[0]: apic_id 2, version 32, address 0xfec00000, GSI 0-23
[    0.000000] ACPI: INT_SRC_OVR (bus 0 bus_irq 0 global_irq 2 dfl dfl)
[    0.000000] ACPI: INT_SRC_OVR (bus 0 bus_irq 9 global_irq 9 high level)
[    0.000000] Using ACPI (MADT) for SMP configuration information
[    0.000000] smpboot: Allowing 2 CPUs, 0 hotplug CPUs
[    0.000000] PM: Registered nosave memory: [mem 0x00000000-0x00000fff]
[    0.000000] PM: Registered nosave memory: [mem 0x0009f000-0x0009ffff]
[    0.000000] PM: Registered nosave memory: [mem 0x000a0000-0x000effff]
[    0.000000] PM: Registered nosave memory: [mem 0x000f0000-0x000fffff]
[    0.000000] e820: [mem 0x40000000-0xfebfffff] available for PCI devices
[    0.000000] Booting paravirtualized kernel on KVM
[    0.000000] clocksource: refined-jiffies: mask: 0xffffffff max_cycles: 0xffffffff, max_idle_ns: 7645519600211568 ns
[    0.000000] setup_percpu: NR_CPUS:512 nr_cpumask_bits:512 nr_cpu_ids:2 nr_node_ids:1
[    0.000000] PERCPU: Embedded 33 pages/cpu @ffff88003fc00000 s98264 r8192 d28712 u1048576
[    0.000000] PV qspinlock hash table entries: 256 (order: 0, 4096 bytes)
[    0.000000] Built 1 zonelists in Node order, mobility grouping on.  Total pages: 257913
[    0.000000] Policy zone: DMA32
[    0.000000] Kernel command line: BOOT_IMAGE=/boot/vmlinuz-4.4.0-81-generic root=UUID=8012bfa1-0b4d-4767-acaf-d9deef5ff9c7 ro console=tty1 console=ttyS0
[    0.000000] PID hash table entries: 4096 (order: 3, 32768 bytes)
[    0.000000] Memory: 997360K/1048120K available (8469K kernel code, 1294K rwdata, 3984K rodata, 1484K init, 1316K bss, 50760K reserved, 0K cma-reserved)
[    0.000000] SLUB: HWalign=64, Order=0-3, MinObjects=0, CPUs=2, Nodes=1
[    0.000000] Hierarchical RCU implementation.
[    0.000000] 	Build-time adjustment of leaf fanout to 64.
[    0.000000] 	RCU restricting CPUs from NR_CPUS=512 to nr_cpu_ids=2.
[    0.000000] RCU: Adjusting geometry for rcu_fanout_leaf=64, nr_cpu_ids=2
[    0.000000] NR_IRQS:33024 nr_irqs:440 16
[    0.000000] Console: colour VGA+ 80x25
[    0.000000] console [tty1] enabled
[    0.000000] console [ttyS0] enabled
[    0.000000] tsc: Detected 3192.606 MHz processor
[    2.396325] Calibrating delay loop (skipped) preset value.. 6385.21 BogoMIPS (lpj=12770424)
[    2.529172] pid_max: default: 32768 minimum: 301
[    2.601614] ACPI: Core revision 20150930
[    2.603107] ACPI: 2 ACPI AML tables successfully acquired and loaded
[    2.604060] Security Framework initialized
[    2.604681] Yama: becoming mindful.
[    2.605272] AppArmor: AppArmor initialized
[    2.618315] Dentry cache hash table entries: 131072 (order: 8, 1048576 bytes)
[    2.619389] Inode-cache hash table entries: 65536 (order: 7, 524288 bytes)
[    2.660014] Mount-cache hash table entries: 2048 (order: 2, 16384 bytes)
[    2.684074] Mountpoint-cache hash table entries: 2048 (order: 2, 16384 bytes)
[    2.735694] Initializing cgroup subsys io
[    2.736304] Initializing cgroup subsys memory
[    2.736988] Initializing cgroup subsys devices
[    2.737629] Initializing cgroup subsys freezer
[    2.738294] Initializing cgroup subsys net_cls
[    2.738985] Initializing cgroup subsys perf_event
[    2.746138] Initializing cgroup subsys net_prio
[    2.780595] Initializing cgroup subsys hugetlb
[    2.781283] Initializing cgroup subsys pids
[    2.824481] CPU: Physical Processor ID: 0
[    2.825205] CPU: Processor Core ID: 0
[    2.837695] mce: CPU supports 0 MCE banks
[    2.911551] Last level iTLB entries: 4KB 1024, 2MB 1024, 4MB 1024
[    2.976306] Last level dTLB entries: 4KB 1024, 2MB 1024, 4MB 1024, 1GB 4
[    2.995715] Freeing SMP alternatives memory: 32K (ffffffff820b8000 - ffffffff820c0000)
[    3.014852] ftrace: allocating 32129 entries in 126 pages
[    3.089510] smpboot: APIC(0) Converting physical 0 to logical package 0
[    3.204628] smpboot: Max logical packages: 1
[    3.226687] x2apic enabled
[    3.231307] Switched APIC routing to physical x2apic.
[    3.240847] ..TIMER: vector=0x30 apic1=0 pin1=2 apic2=-1 pin2=-1
[    3.421369] smpboot: CPU0: Intel(R) Core(TM) i5-4570 CPU @ 3.20GHz (family: 0x6, model: 0x3c, stepping: 0x3)
[    3.557318] Performance Events: unsupported p6 CPU model 60 no PMU driver, software events only.
[    3.680008] KVM setup paravirtual spinlock
[    3.681226] x86: Booting SMP configuration:
[    3.681872] .... node  #0, CPUs:      #1
[    3.682625] kvm-clock: cpu 1, msr 0:3ffe3041, secondary cpu clock
[    3.745029] mce: CPU supports 0 MCE banks
[    3.772505] x86: Booted up 1 node, 2 CPUs
[    3.786387] smpboot: Total of 2 processors activated (12770.42 BogoMIPS)
[    3.787599] devtmpfs: initialized
[    3.860910] evm: security.selinux
[    3.890195] evm: security.SMACK64
[    3.947543] evm: security.SMACK64EXEC
[    3.954664] evm: security.SMACK64TRANSMUTE
[    3.955311] evm: security.SMACK64MMAP
[    3.957354] evm: security.ima
[    3.962352] evm: security.capability
[    3.976713] clocksource: jiffies: mask: 0xffffffff max_cycles: 0xffffffff, max_idle_ns: 7645041785100000 ns
[    4.096817] futex hash table entries: 512 (order: 3, 32768 bytes)
[    4.206832] pinctrl core: initialized pinctrl subsystem
[    4.274419] RTC time: 13:33:47, date: 06/26/17
[    4.311628] NET: Registered protocol family 16
[    4.372290] cpuidle: using governor ladder
[    4.420224] cpuidle: using governor menu
[    4.501617] PCCT header not found.
[    4.502232] ACPI: bus type PCI registered
[    4.529250] acpiphp: ACPI Hot Plug PCI Controller Driver version: 0.5
[    4.542547] PCI: Using configuration type 1 for base access
[    4.615124] ACPI: Added _OSI(Module Device)
[    4.627604] ACPI: Added _OSI(Processor Device)
[    4.628298] ACPI: Added _OSI(3.0 _SCP Extensions)
[    4.700715] ACPI: Added _OSI(Processor Aggregator Device)
[    4.702076] ACPI: Executed 1 blocks of module-level executable AML code
[    4.704531] ACPI: Interpreter enabled
[    4.705107] ACPI: (supports S0 S5)
[    4.705709] ACPI: Using IOAPIC for interrupt routing
[    4.767410] PCI: Using host bridge windows from ACPI; if necessary, use "pci=nocrs" and report a bug
[    4.771427] ACPI: PCI Root Bridge [PCI0] (domain 0000 [bus 00-ff])
[    4.789074] acpi PNP0A03:00: _OSC: OS supports [ASPM ClockPM Segments MSI]
[    4.817108] acpi PNP0A03:00: _OSC failed (AE_NOT_FOUND); disabling ASPM
[    4.832727] acpi PNP0A03:00: fail to add MMCONFIG information, can't access extended PCI configuration space under this bridge.
[    4.852113] PCI host bridge to bus 0000:00
[    4.852723] pci_bus 0000:00: root bus resource [io  0x0000-0x0cf7 window]
[    4.853609] pci_bus 0000:00: root bus resource [io  0x0d00-0xffff window]
[    4.911121] pci_bus 0000:00: root bus resource [mem 0x000a0000-0x000bffff window]
[    5.070422] pci_bus 0000:00: root bus resource [mem 0x40000000-0xffdfffff window]
[    5.099355] pci_bus 0000:00: root bus resource [bus 00-ff]
[    5.101473] pci 0000:00:01.1: legacy IDE quirk: reg 0x10: [io  0x01f0-0x01f7]
[    5.103972] pci 0000:00:01.1: legacy IDE quirk: reg 0x14: [io  0x03f6]
[    5.104817] pci 0000:00:01.1: legacy IDE quirk: reg 0x18: [io  0x0170-0x0177]
[    5.169998] pci 0000:00:01.1: legacy IDE quirk: reg 0x1c: [io  0x0376]
[    5.237086] pci 0000:00:07.0: quirk: [io  0x4000-0x403f] claimed by PIIX4 ACPI
[    5.324176] pci 0000:00:07.0: quirk: [io  0x4100-0x410f] claimed by PIIX4 SMB
[    5.351696] ACPI: PCI Interrupt Link [LNKA] (IRQs 5 9 10 *11)
[    5.386810] ACPI: PCI Interrupt Link [LNKB] (IRQs 5 9 10 *11)
[    5.448575] ACPI: PCI Interrupt Link [LNKC] (IRQs 5 9 *10 11)
[    5.525316] ACPI: PCI Interrupt Link [LNKD] (IRQs 5 *9 10 11)
[    5.607244] ACPI: Enabled 2 GPEs in block 00 to 07
[    5.628053] vgaarb: setting as boot device: PCI:0000:00:02.0
[    5.690067] vgaarb: device added: PCI:0000:00:02.0,decodes=io+mem,owns=io+mem,locks=none
[    5.698092] vgaarb: loaded
[    5.700666] vgaarb: bridge control possible 0000:00:02.0
[    5.701606] SCSI subsystem initialized
[    5.702284] ACPI: bus type USB registered
[    5.702911] usbcore: registered new interface driver usbfs
[    5.703722] usbcore: registered new interface driver hub
[    5.726665] usbcore: registered new device driver usb
[    5.727866] PCI: Using ACPI for IRQ routing
[    5.819414] NetLabel: Initializing
[    5.891496] NetLabel:  domain hash size = 128
[    5.929717] NetLabel:  protocols = UNLABELED CIPSOv4
[    5.930494] NetLabel:  unlabeled traffic allowed by default
[    5.959762] amd_nb: Cannot enumerate AMD northbridges
[    6.029707] clocksource: Switched to clocksource kvm-clock
[    6.116931] AppArmor: AppArmor Filesystem Enabled
[    6.218980] pnp: PnP ACPI init
[    6.241801] pnp: PnP ACPI: found 3 devices
[    6.351533] clocksource: acpi_pm: mask: 0xffffff max_cycles: 0xffffff, max_idle_ns: 2085701024 ns
[    6.366497] NET: Registered protocol family 2
[    6.367321] TCP established hash table entries: 8192 (order: 4, 65536 bytes)
[    6.387240] TCP bind hash table entries: 8192 (order: 5, 131072 bytes)
[    6.470434] TCP: Hash tables configured (established 8192 bind 8192)
[    6.495067] UDP hash table entries: 512 (order: 2, 16384 bytes)
[    6.556091] UDP-Lite hash table entries: 512 (order: 2, 16384 bytes)
[    6.576293] NET: Registered protocol family 1
[    6.660014] pci 0000:00:00.0: Limiting direct PCI/PCI transfers
[    6.792248] pci 0000:00:01.0: Activating ISA DMA hang workarounds
[    6.799139] Unpacking initramfs...
[    6.995219] Freeing initrd memory: 15220K (ffff880036236000 - ffff880037113000)
[    7.156802] RAPL PMU detected, API unit is 2^-32 Joules, 4 fixed counters 10737418240 ms ovfl timer
[    7.266183] hw unit of domain pp0-core 2^-0 Joules
[    7.315813] hw unit of domain package 2^-0 Joules
[    7.328360] hw unit of domain dram 2^-0 Joules
[    7.329278] hw unit of domain pp1-gpu 2^-0 Joules
[    7.330035] platform rtc_cmos: registered platform RTC device (no PNP device found)
[    7.365532] Scanning for low memory corruption every 60 seconds
[    7.366908] audit: initializing netlink subsys (disabled)
[    7.398120] audit: type=2000 audit(1498484030.070:1): initialized
[    7.424923] Initialise system trusted keyring
[    7.426553] HugeTLB registered 2 MB page size, pre-allocated 0 pages
[    7.483261] zbud: loaded
[    7.508708] VFS: Disk quotas dquot_6.6.0
[    7.509683] VFS: Dquot-cache hash table entries: 512 (order 0, 4096 bytes)
[    7.549872] squashfs: version 4.0 (2009/01/31) Phillip Lougher
[    7.553989] fuse init (API version 7.23)
[    7.578380] Key type big_key registered
[    7.626020] Allocating IMA MOK and blacklist keyrings.
[    7.664980] Key type asymmetric registered
[    7.671923] Asymmetric key parser 'x509' registered
[    7.672687] Block layer SCSI generic (bsg) driver version 0.4 loaded (major 249)
[    7.677587] io scheduler noop registered
[    7.685674] io scheduler deadline registered (default)
[    7.686479] io scheduler cfq registered
[    7.687167] pci_hotplug: PCI Hot Plug PCI Core version: 0.5
[    7.687952] pciehp: PCI Express Hot Plug Controller Driver version: 0.4
[    7.722952] ACPI: AC Adapter [AC] (on-line)
[    7.723646] input: Power Button as /devices/LNXSYSTM:00/LNXPWRBN:00/input/input0
[    7.724865] ACPI: Power Button [PWRF]
[    7.728660] input: Sleep Button as /devices/LNXSYSTM:00/LNXSLPBN:00/input/input1
[    7.731042] ACPI: Sleep Button [SLPF]
[    7.731895] GHES: HEST is not enabled!
[    7.734021] Serial: 8250/16550 driver, 32 ports, IRQ sharing enabled
[    7.757574] 00:02: ttyS0 at I/O 0x3f8 (irq = 4, base_baud = 115200) is a 16550A
[    7.767188] Linux agpgart interface v0.103
[    7.829426] loop: module loaded
[    7.876848] scsi host0: ata_piix
[    7.924684] scsi host1: ata_piix
[    7.956203] ata1: PATA max UDMA/33 cmd 0x1f0 ctl 0x3f6 bmdma 0xd000 irq 14
[    8.014118] ata2: PATA max UDMA/33 cmd 0x170 ctl 0x376 bmdma 0xd008 irq 15
[    8.016210] libphy: Fixed MDIO Bus: probed
[    8.040967] tun: Universal TUN/TAP device driver, 1.6
[    8.103761] tun: (C) 1999-2004 Max Krasnyansky <maxk@qualcomm.com>
[    8.158789] PPP generic driver version 2.4.2
[    8.213459] ehci_hcd: USB 2.0 'Enhanced' Host Controller (EHCI) Driver
[    8.249414] ehci-pci: EHCI PCI platform driver
[    8.278030] ehci-platform: EHCI generic platform driver
[    8.308202] ohci_hcd: USB 1.1 'Open' Host Controller (OHCI) Driver
[    8.325779] tsc: Refined TSC clocksource calibration: 3190.296 MHz
[    8.325781] clocksource: tsc: mask: 0xffffffffffffffff max_cycles: 0x2dfc7b84a0d, max_idle_ns: 440795366729 ns
[    8.330117] ohci-pci: OHCI PCI platform driver
[    8.330805] ohci-platform: OHCI generic platform driver
[    8.331552] uhci_hcd: USB Universal Host Controller Interface driver
[    8.332466] i8042: PNP: PS/2 Controller [PNP0303:PS2K,PNP0f03:PS2M] at 0x60,0x64 irq 1,12
[    8.334116] serio: i8042 KBD port at 0x60,0x64 irq 1
[    8.334838] serio: i8042 AUX port at 0x60,0x64 irq 12
[    8.335647] mousedev: PS/2 mouse device common for all mice
[    8.338775] rtc_cmos rtc_cmos: rtc core: registered rtc_cmos as rtc0
[    8.367056] rtc_cmos rtc_cmos: alarms up to one day, 114 bytes nvram
[    8.367935] input: AT Translated Set 2 keyboard as /devices/platform/i8042/serio0/input/input2
[    8.369383] i2c /dev entries driver
[    8.445649] device-mapper: uevent: version 1.0.3
[    8.453171] device-mapper: ioctl: 4.34.0-ioctl (2015-10-28) initialised: dm-devel@redhat.com
[    8.454483] ledtrig-cpu: registered to indicate activity on CPUs
[    8.481187] NET: Registered protocol family 10
[    8.496279] NET: Registered protocol family 17
[    8.539322] Key type dns_resolver registered
[    8.558921] microcode: CPU0 sig=0x306c3, pf=0x40, revision=0x0
[    8.586965] microcode: CPU1 sig=0x306c3, pf=0x40, revision=0x0
[    8.694395] microcode: Microcode Update Driver: v2.01 <tigran@aivazian.fsnet.co.uk>, Peter Oruba
[    8.695793] registered taskstats version 1
[    8.696400] Loading compiled-in X.509 certificates
[    8.697649] Loaded X.509 cert 'Build time autogenerated kernel key: 4e3fcaabc4148de0b198d1fb3d36a6c6d4cf062b'
[    8.918527] zswap: loaded using pool lzo/zbud
[    8.997116] Key type trusted registered
[    9.018965] Key type encrypted registered
[    9.057990] AppArmor: AppArmor sha1 policy hashing enabled
[    9.069136] ima: No TPM chip found, activating TPM-bypass!
[    9.069939] evm: HMAC attrs: 0x1
[    9.073107]   Magic number: 5:362:585
[    9.085483] rtc_cmos rtc_cmos: setting system clock to 2017-06-26 13:33:52 UTC (1498484032)
[    9.086884] BIOS EDD facility v0.16 2004-Jun-25, 0 devices found
[    9.099369] EDD information not available.
[    9.102914] Freeing unused kernel memory: 1484K (ffffffff81f45000 - ffffffff820b8000)
[    9.104079] Write protecting the kernel read-only data: 14336k
[    9.105364] Freeing unused kernel memory: 1760K (ffff880001848000 - ffff880001a00000)
[    9.202988] Freeing unused kernel memory: 112K (ffff880001de4000 - ffff880001e00000)
Loading, please [    9.296554] random: systemd-udevd: uninitialized urandom read (16 bytes read, 2 bits of entropy available)
wait...
starting version 229
[    9.296947] random: udevadm: uninitialized urandom read (16 bytes read, 2 bits of entropy available)
[    9.296973] random: udevadm: uninitialized urandom read (16 bytes read, 2 bits of entropy available)
[    9.297068] random: udevadm: uninitialized urandom read (16 bytes read, 2 bits of entropy available)
[    9.297100] random: udevadm: uninitialized urandom read (16 bytes read, 2 bits of entropy available)
[    9.297127] random: udevadm: uninitialized urandom read (16 bytes read, 2 bits of entropy available)
[    9.297156] random: udevadm: uninitialized urandom read (16 bytes read, 2 bits of entropy available)
[    9.297182] random: udevadm: uninitialized urandom read (16 bytes read, 2 bits of entropy available)
[    9.297207] random: udevadm: uninitialized urandom read (16 bytes read, 2 bits of entropy available)
[    9.297232] random: udevadm: uninitialized urandom read (16 bytes read, 2 bits of entropy available)
[    9.500083] e1000: Intel(R) PRO/1000 Network Driver - version 7.3.21-k8-NAPI
[    9.550262] e1000: Copyright (c) 1999-2006 Intel Corporation.
[    9.553471] Fusion MPT base driver 3.04.20
[    9.571186] Copyright (c) 1999-2008 LSI Corporation
[    9.583818] Fusion MPT SPI Host driver 3.04.20
[    9.591004] mptbase: ioc0: Initiating bringup
[    9.604120] AVX version of gcm_enc/dec engaged.
[    9.631792] AES CTR mode by8 optimization enabled
[    9.658009] ioc0: LSI53C1030 A0: Capabilities={Initiator}
[    9.805128] input: ImExPS/2 Generic Explorer Mouse as /devices/platform/i8042/serio1/input/input4
[    9.959418] scsi host2: ioc0: LSI53C1030 A0, FwRev=00000000h, Ports=1, MaxQ=256, IRQ=20
[   10.197380] scsi 2:0:0:0: Direct-Access     VBOX     HARDDISK         1.0  PQ: 0 ANSI: 5
[   10.297749] scsi target2:0:0: Beginning Domain Validation
[   10.299172] scsi target2:0:0: Domain Validation skipping write tests
[   10.349844] scsi target2:0:0: Ending Domain Validation
[   10.363426] scsi target2:0:0: asynchronous
[   10.373613] scsi 2:0:1:0: Direct-Access     VBOX     HARDDISK         1.0  PQ: 0 ANSI: 5
[   10.459363] scsi target2:0:1: Beginning Domain Validation
[   10.476753] scsi target2:0:1: Domain Validation skipping write tests
[   10.482897] scsi target2:0:1: Ending Domain Validation
[   10.489058] scsi target2:0:1: asynchronous
[   10.498383] sd 2:0:0:0: [sda] 20971520 512-byte logical blocks: (10.7 GB/10.0 GiB)
[   10.500709] sd 2:0:0:0: Attached scsi generic sg0 type 0
[   10.501964] sd 2:0:1:0: Attached scsi generic sg1 type 0
[   10.503014] sd 2:0:1:0: [sdb] 20480 512-byte logical blocks: (10.5 MB/10.0 MiB)
[   10.504234] sd 2:0:0:0: [sda] Write Protect is off
[   10.505049] sd 2:0:0:0: [sda] Incomplete mode parameter data
[   10.505920] sd 2:0:0:0: [sda] Assuming drive cache: write through
[   10.512397] sd 2:0:1:0: [sdb] Write Protect is off
[   10.514320] sd 2:0:1:0: [sdb] Incomplete mode parameter data
[   10.515157] sd 2:0:1:0: [sdb] Assuming drive cache: write through
[   10.542702]  sda: sda1
[   10.552052] sd 2:0:0:0: [sda] Attached SCSI disk
[   10.554678] e1000 0000:00:03.0 eth0: (PCI:33MHz:32-bit) 02:10:b7:55:45:c0
[   10.554682] e1000 0000:00:03.0 eth0: Intel(R) PRO/1000 Network Connection
[   10.617085] sd 2:0:1:0: [sdb] Attached SCSI disk
[   10.922936] e1000 0000:00:08.0 eth1: (PCI:33MHz:32-bit) 08:00:27:66:91:6d
[   11.042590] e1000 0000:00:08.0 eth1: Intel(R) PRO/1000 Network Connection
[   11.044200] e1000 0000:00:03.0 enp0s3: renamed from eth0
[   11.063092] e1000 0000:00:08.0 enp0s8: renamed from eth1
[   12.554452] floppy0: no floppy controllers found
Begin: Loading e[   13.980730] md: linear personality registered for level -1
ssential drivers ... [   14.033077] md: multipath personality registered for level -4
[   14.180132] md: raid0 personality registered for level 0
[   14.276039] md: raid1 personality registered for level 1
[   14.446285] raid6: sse2x1   gen() 10325 MB/s
[   14.578258] raid6: sse2x1   xor()  7929 MB/s
[   14.734274] raid6: sse2x2   gen() 13026 MB/s
[   14.821718] raid6: sse2x2   xor()  7684 MB/s
[   14.897903] raid6: sse2x4   gen() 14550 MB/s
[   15.041717] raid6: sse2x4   xor()  9674 MB/s
[   15.070290] raid6: using algorithm sse2x4 gen() 14550 MB/s
[   15.071046] raid6: .... xor() 9674 MB/s, rmw enabled
[   15.071743] raid6: using ssse3x2 recovery algorithm
[   15.159471] xor: automatically using best checksumming function:
[   15.289943]    avx       : 26027.000 MB/sec
[   15.406897] async_tx: api initialized (async)
[   15.493370] md: raid6 personality registered for level 6
[   15.523824] md: raid5 personality registered for level 5
[   15.539052] md: raid4 personality registered for level 4
[   15.544471] md: raid10 personality registered for level 10
done.
Begin: Running /scripts/init-premount ... done.
Begin: Mounting root file system ... Begin: Running /scripts/local-top ... done.
Begin: Running /scripts/loc[   15.606581] Btrfs loaded
al-premount ... Scanning for Btrfs filesystems
done.
Warning: fsck not present, so skipping root file system
[   15.648819] EXT4-fs (sda1): mounted filesystem with ordered data mode. Opts: (null)
done.
Begin: Running /scripts/local-bottom ... done.
Begin: Running /scripts/init-bottom ... done.
[   16.281285] systemd[1]: systemd 229 running in system mode. (+PAM +AUDIT +SELINUX +IMA +APPARMOR +SMACK +SYSVINIT +UTMP +LIBCRYPTSETUP +GCRYPT +GNUTLS +ACL +XZ -LZ4 +SECCOMP +BLKID +ELFUTILS +KMOD -IDN)
[   16.401656] systemd[1]: Detected virtualization oracle.
[   16.402388] systemd[1]: Detected architecture x86-64.

Welcome to [1mUbuntu 16.04.2 LTS[0m!

[   16.445101] systemd[1]: Set hostname to <ubuntu-xenial>.
[   16.922102] random: nonblocking pool is initialized
[   17.267408] systemd[1]: Listening on udev Control Socket.
[[0;32m  OK  [0m] Listening on udev Control Socket.
[   17.395297] systemd[1]: Listening on Syslog Socket.
[[0;32m  OK  [0m] Listening on Syslog Socket.
[   17.529789] systemd[1]: Listening on udev Kernel Socket.
[[0;32m  OK  [0m] Listening on udev Kernel Socket.
[   17.594703] systemd[1]: Listening on Journal Audit Socket.
[[0;32m  OK  [0m] Listening on Journal Audit Socket.
[   17.596491] systemd[1]: Created slice User and Session Slice.
[[0;32m  OK  [0m] Created slice User and Session Slice.
[   17.598030] systemd[1]: Reached target User and Group Name Lookups.
[[0;32m  OK  [0m] Reached target User and Group Name Lookups.
[   17.670786] systemd[1]: Listening on /dev/initctl Compatibility Named Pipe.
[[0;32m  OK  [0m] Listening on /dev/initctl Compatibility Named Pipe.
[   17.672632] systemd[1]: Started Forward Password Requests to Wall Directory Watch.
[[0;32m  OK  [0m] Started Forward Password Requests to Wall Directory Watch.
[   17.702810] systemd[1]: Created slice System Slice.
[[0;32m  OK  [0m] Created slice System Slice.
[   17.748146] systemd[1]: Created slice system-serial\x2dgetty.slice.
[[0;32m  OK  [0m] Created slice system-serial\x2dgetty.slice.
[   17.861969] systemd[1]: Listening on LVM2 poll daemon socket.
[[0;32m  OK  [0m] Listening on LVM2 poll daemon socket.
[   17.863717] systemd[1]: Set up automount Arbitrary Executable File Formats File System Automount Point.
[[0;32m  OK  [0m] Set up automount Arbitrary Executab...ats File System Automount Point.
[   17.866152] systemd[1]: Listening on Device-mapper event daemon FIFOs.
[[0;32m  OK  [0m] Listening on Device-mapper event daemon FIFOs.
[   17.871148] systemd[1]: Reached target Encrypted Volumes.
[[0;32m  OK  [0m] Reached target Encrypted Volumes.
[   17.906757] systemd[1]: Listening on Journal Socket (/dev/log).
[[0;32m  OK  [0m] Listening on Journal Socket (/dev/log).
[   18.090174] systemd[1]: Reached target Slices.
[[0;32m  OK  [0m] Reached target Slices.
[   18.222069] systemd[1]: Started Trigger resolvconf update for networkd DNS.
[[0;32m  OK  [0m] Started Trigger resolvconf update for networkd DNS.
[   18.396805] systemd[1]: Listening on LVM2 metadata daemon socket.
[[0;32m  OK  [0m] Listening on LVM2 metadata daemon socket.
[   18.398537] systemd[1]: Reached target Swap.
[[0;32m  OK  [0m] Reached target Swap.
[   18.399914] systemd[1]: Listening on Journal Socket.
[[0;32m  OK  [0m] Listening on Journal Socket.
[   18.413957] systemd[1]: Starting Uncomplicated firewall...
         Starting Uncomplicated firewall...
[   18.561304] systemd[1]: Starting Monitoring of LVM2 mirrors, snapshots etc. using dmeventd or progress polling...
         Starting Monitoring of LVM2 mirrors... dmeventd or progress polling...
[   18.658778] systemd[1]: Starting Create list of required static device nodes for the current kernel...
         Starting Create list of required st... nodes for the current kernel...
[   18.796797] systemd[1]: Starting Set console keymap...
         Starting Set console keymap...
[   18.798637] systemd[1]: Starting Journal Service...
         Starting Journal Service...
[   18.882075] systemd[1]: Mounting POSIX Message Queue File System...
         Mounting POSIX Message Queue File System...
[   19.046035] systemd[1]: Starting Nameserver information manager...
         Starting Nameserver information manager...
[   19.206789] systemd[1]: Mounting Huge Pages File System...
         Mounting Huge Pages File System...
[   19.267985] systemd[1]: Mounting Debug File System...
         Mounting Debug File System...
[   19.331506] systemd[1]: Starting Load Kernel Modules...
[   19.370236] Loading iSCSI transport class v2.0-870.
         Starting Load Kernel Modules...
[   19.440401] iscsi: registered transport (tcp)
[   19.530625] systemd[1]: Starting Remount Root and Kernel File Systems...
         [   19.653498] EXT4-fs (sda1): re-mounted. Opts: (null)
Starting Remount Root and Kernel File Systems...[   19.745107] iscsi: registered transport (iser)

[   19.894999] systemd[1]: Mounted Huge Pages File System.
[[0;32m  OK  [0m] Mounted Huge Pages File System.
[   20.078743] systemd[1]: Mounted POSIX Message Queue File System.
[[0;32m  OK  [0m] Mounted POSIX Message Queue File System.
[   20.129972] systemd[1]: Mounted Debug File System.
[[0;32m  OK  [0m] Mounted Debug File System.
[   20.131509] systemd[1]: Started Journal Service.
[[0;32m  OK  [0m] Started Journal Service.
[[0;32m  OK  [0m] Started Uncomplicated firewall.
[[0;32m  OK  [0m] Started Create list of required sta...ce nodes for the current kernel.
[[0;32m  OK  [0m] Started Set console keymap.
[[0;32m  OK  [0m] Started Load Kernel Modules.
[[0;32m  OK  [0m] Started Remount Root and Kernel File Systems.
[[0;32m  OK  [0m] Started Nameserver information manager.
[[0;32m  OK  [0m] Started LVM2 metadata daemon.
         Starting Initial cloud-init job (pre-networking)...
         Starting Load/Save Random Seed...
         Starting udev Coldplug all Devices...
         Mounting FUSE Control File System...
         Starting Apply Kernel Variables...
         Starting Create Static Device Nodes in /dev...
         Starting Flush Journal to Persistent Storage...
[[0;32m  OK  [0m] Mounted FUSE Control File System.
[[0;32m  OK  [0m] Started Load/Save Random Seed.
[[0;32m  OK  [0m] Started Apply Kernel Variables.
[[0;32m  OK  [0m] Started Create Static Device Nodes in /dev.
[[0;32m  OK  [0m] Started udev Coldplug all Devices.
         Starting udev Kernel Device Manager...
[[0;32m  OK  [0m] Started Flush Journal to Persistent Storage.
[[0;32m  OK  [0m] Started Monitoring of LVM2 mirrors,...ng dmeventd or progress polling.
[[0;32m  OK  [0m] Started udev Kernel Device Manager.
[[0;32m  OK  [0m] Reached target Local File Systems (Pre).
[[0;32m  OK  [0m] Reached target Local File Systems.
         Starting Create Volatile Files and Directories...
         Starting Tell Plymouth To Write Out Runtime Data...
         Starting Set console font and keymap...
         Starting LSB: AppArmor initialization...
[[0;32m  OK  [0m] Started Dispatch Password Requests to Console Directory Watch.
[[0;32m  OK  [0m] Started Tell Plymouth To Write Out Runtime Data.
[[0;32m  OK  [0m] Started Create Volatile Files and Directories.
[[0;32m  OK  [0m] Found device /dev/ttyS0.
[[0;32m  OK  [0m] Reached target System Time Synchronized.
         Starting Update UTMP about System Boot/Shutdown...
[[0;32m  OK  [0m] Started Update UTMP about System Boot/Shutdown.
[[0;32m  OK  [0m] Started Set console font and keymap.
[[0;32m  OK  [0m] Listening on Load/Save RF Kill Switch Status /dev/rfkill Watch.
[[0;32m  OK  [0m] Created slice system-getty.slice.
[[0;32m  OK  [0m] Started LSB: AppArmor initialization.
[   17.584754] cloud-init[430]: Cloud-init v. 0.7.9 running 'init-local' at Mon, 26 Jun 2017 13:34:06 +0000. Up 17.24 seconds.
[[0;32m  OK  [0m] Started Initial cloud-init job (pre-networking).
[[0;32m  OK  [0m] Reached target Network (Pre).
         Starting Raise network interfaces...
[[0;32m  OK  [0m] Started ifup for enp0s3.
[[0;32m  OK  [0m] Started ifup for enp0s8.
[[0;32m  OK  [0m] Started Raise network interfaces.
         Starting Initial cloud-init job (metadata service crawler)...
[[0;32m  OK  [0m] Reached target Network.
[   19.388229] cloud-init[1044]: Cloud-init v. 0.7.9 running 'init' at Mon, 26 Jun 2017 13:34:07 +0000. Up 18.96 seconds.
[[0;32m  OK  [0m] Started Initial cloud-init job (metadata service crawler).
[[0;32m  OK  [0m] Reached target Cloud-config availability.
[[0;32m  OK  [0m] Reached target System Initialization.
[   19.506554] cloud-init[1044]: ci-info: ++++++++++++++++++++++++++++++++++++++Net device info++++++++++++++++++++++++++++++++++++++
[   19.678637] [[0;32m  OK  [0m] Started ACPI Events Check.
[[0;32m  OK  [0m] Reached target Paths.
[[0;32m  OK  [0m] Started Daily Cleanup of Temporary Directories.
cloud-init[1044]: ci-info: +--------+------+-----------------------------+---------------+-------+-------------------+
[   19.701684] cloud-init[1044]: ci-info: | Device |  Up  |           Address           |      Mask     | Scope |     Hw-Address    |
[   19.703180] cloud-init[1044]: ci-info: +--------+------+-----------------------------+---------------+-------+-------------------+
[   19.710254] cloud-init[1044]: ci-info: | enp0s3 | True |          10.0.2.15          | 255.255.255.0 |   .   | 02:10:b7:55:45:c0 |
[   19.711776] cloud-init[1044]: ci-info: | enp0s3 | True |  fe80::10:b7ff:fe55:45c0/64 |       .       |  link | 02:10:b7:55:45:c0 |
[   19.720793] [cloud-init[0;32m  OK  [0m[1044]: ] ci-info: |   lo   | True |          127.0.0.1          |   255.0.0.0   |   .   |         .         |Started Timer to automatically refresh installed snaps.

[[0;32m  OK  [0m] Listening on ACPID Listen Socket.
[[0;32m  OK  [0m] Listening on UUID daemon activation socket.
[   19.721134] cloud-init[1044]: ci-info: |   lo   | True |           ::1/128           |       .       |  host |         .         |
[   20.052437] [cloud-init[0;32m  OK  [0m[1044]: ] ci-info: | enp0s8 | True |        192.168.33.10        | 255.255.255.0 |   .   | 08:00:27:66:91:6d |Started Daily apt activities.

[   20.052780] cloud-init[1044]: ci-info: | enp0s8 | True | fe80::a00:27ff:fe66:916d/64 |       .       |  link | 08:00:27:66:91:6d |
[[0;32m  OK  [0m] Reached target Timers.
[   20.206412]          Starting Socket activation for snappy daemon.
cloud-init[1044]: ci-info: +--------+------+-----------------------------+---------------+-------+-------------------+
[   20.449485]          cloud-initStarting LXD - unix socket.[1044]: 
ci-info: ++++++++++++++++++++++++++++Route IPv4 info++++++++++++++++++++++++++++
[   20.577023] [cloud-init[0;32m  OK  [0m[1044]: ] ci-info: +-------+--------------+----------+---------------+-----------+-------+Listening on D-Bus System Message Bus Socket.

[   20.577938] [cloud-init[0;32m  OK  [0m[1044]: ] ci-info: | Route | Destination  | Gateway  |    Genmask    | Interface | Flags |Reached target Network is Online.

[   20.759062] cloud-init[1044]: ci-info: +-------+--------------+----------+---------------+-----------+-------+
[   21.013224]          cloud-initStarting iSCSI initiator daemon (iscsid)...[1044]: 
ci-info: |   0   |   0.0.0.0    | 10.0.2.2 |    0.0.0.0    |   enp0s3  |   UG  |
[   21.177437] [cloud-init[0;32m  OK  [0m[1044]: ] ci-info: |   1   |   10.0.2.0   | 0.0.0.0  | 255.255.255.0 |   enp0s3  |   U   |Listening on Socket activation for snappy daemon.

[   21.180100] [cloud-init[0;32m  OK  [0m[1044]: ] ci-info: |   2   | 192.168.33.0 | 0.0.0.0  | 255.255.255.0 |   enp0s8  |   U   |Listening on LXD - unix socket.

[   21.480805] [cloud-init[0;32m  OK  [0m[1044]: ] ci-info: +-------+--------------+----------+---------------+-----------+-------+Reached target Sockets.

[[0;32m  OK  [0m] Reached target Basic System.
         Starting LXD - container startup/shutdown...
[[0;32m  OK  [0m] Started ACPI event daemon.
         Starting Apply the settings specified in cloud-config...
         Starting LSB: Record successful boot for GRUB...
         Starting Accounts Service...
         Starting Daily apt activities...
         Starting LSB: MD monitoring daemon...
         Starting Login Service...
[   22.182100] cloud-init[1104]: Cloud-init v. 0.7.9 running 'modules:config' at Mon, 26 Jun 2017 13:34:10 +0000. Up 22.04 seconds.
         Starting OpenBSD Secure Shell server...
[[0;32m  OK  [0m] Started D-Bus System Message Bus.
         Starting MySQL Community Server...
[[0;32m  OK  [0m] Started Regular background program processing daemon.
         Starting /etc/rc.local Compatibility...
[[0;32m  OK  [0m] Started Simple, fast work queue.
         Starting The PHP 7.0 FastCGI Process Manager...
[[0;32m  OK  [0m] Started Snappy daemon.
[[0;32m  OK  [0m] Started FUSE filesystem for LXC.
[[0;32m  OK  [0m] Started Unattended Upgrades Shutdown.
[[0;32m  OK  [0m] Started Supervisor process control system for UNIX.
[[0;32m  OK  [0m] Started Deferred execution scheduler.
         Starting System Logging Service...
         Starting Auto import assertions from block devices...
[[0;32m  OK  [0m] Started OpenBSD Secure Shell server.
[[0;32m  OK  [0m] Started iSCSI initiator daemon (iscsid).
[[0;32m  OK  [0m] Started LXD - container startup/shutdown.
[[0;32m  OK  [0m] Started Apply the settings specified in cloud-config.
[[0;32m  OK  [0m] Started /etc/rc.local Compatibility.
[[0;32m  OK  [0m] Started Auto import assertions from block devices.
[[0;32m  OK  [0m] Started Login Service.
         Starting Authenticate and Authorize Users to Run Privileged Tasks...
         Starting Login to default iSCSI targets...
[[0;32m  OK  [0m] Started LSB: MD monitoring daemon.
[[0;32m  OK  [0m] Started LSB: Record successful boot for GRUB.
[[0;32m  OK  [0m] Started Authenticate and Authorize Users to Run Privileged Tasks.
[[0;32m  OK  [0m] Started System Logging Service.
[[0;32m  OK  [0m] Started Accounts Service.
[[0;32m  OK  [0m] Started Login to default iSCSI targets.
[[0;32m  OK  [0m] Reached target Remote File Systems (Pre).
[[0;32m  OK  [0m] Reached target Remote File Systems.
         Starting LSB: Apache2 web server...
         Starting LSB: automatic crash report generation...
         Starting Permit User Sessions...
         Starting LSB: daemon to balance interrupts for SMP systems...
         Starting LSB: Set the CPU Frequency Scaling governor to "ondemand"...
         Starting LSB: VirtualBox Linux Additions...
[[0;32m  OK  [0m] Started Permit User Sessions.
         Starting Hold until boot process finishes up...
         Starting Terminate Plymouth Boot Screen...
[[0;32m  OK  [0m] Started LSB: automatic crash report generation.
[[0;32m  OK  [0m] Started LSB: daemon to balance interrupts for SMP systems.
[[0;32m  OK  [0m] Started LSB: Set the CPU Frequency Scaling governor to "ondemand".
[[0;32m  OK  [0m] Started Hold until boot process finishes up.
[[0;32m  OK  [0m] Started Terminate Plymouth Boot Screen.
[[0;32m  OK  [0m] Created slice User Slice of ubuntu.
         Starting User Manager for UID 1000...
[[0;32m  OK  [0m] Started Session 1 of user ubuntu.
[[0;32m  OK  [0m] Started Getty on tty1.
         Starting Set console scheme...
[[0;32m  OK  [0m] Started Serial Getty on ttyS0.
[[0;32m  OK  [0m] Reached target Login Prompts.
[[0;32m  OK  [0m] Started Set console scheme.
[[0;32m  OK  [0m] Started User Manager for UID 1000.
[[0;32m  OK  [0m] Started LSB: VirtualBox Linux Additions.
[[0;32m  OK  [0m] Started The PHP 7.0 FastCGI Process Manager.
[[0;32m  OK  [0m] Started LSB: Apache2 web server.
[[0;32m  OK  [0m] Started MySQL Community Server.
[[0;32m  OK  [0m] Reached target Multi-User System.
[[0;32m  OK  [0m] Reached target Graphical Interface.
         Starting Update UTMP about System Runlevel Changes...
         Starting Execute cloud user/final scripts...
[[0;32m  OK  [0m] Started Update UTMP about System Runlevel Changes.
[   30.425391] cloud-init[1547]: Cloud-init v. 0.7.9 running 'modules:final' at Mon, 26 Jun 2017 13:34:19 +0000. Up 30.25 seconds.
[   30.425835] cloud-init[1547]: Cloud-init v. 0.7.9 finished at Mon, 26 Jun 2017 13:34:19 +0000. Datasource DataSourceNoCloud [seed=/dev/sdb][dsmode=net].  Up 30.41 seconds

Ubuntu 16.04.2 LTS ubuntu-xenial ttyS0

ubuntu-xenial login: 